mini-app-raining-anim/build/intermediates/manifest_merge_blame_file/flowerDebug/manifest-merger-blame-flower-debug-report.txt
1<?xml version="1.0" encoding="utf-8"?>
2<manifest xmlns:android="http://schemas.android.com/apk/res/android"
3    package="com.yassin.sfax.sobhanallahlwp"
4    android:versionCode="17"
5    android:versionName="2.6" >
6
7    <uses-sdk
8        android:minSdkVersion="21"
8-->src\main\AndroidManifest.xml
9        android:targetSdkVersion="29" />
9-->src\main\AndroidManifest.xml
10
11    <uses-permission android:name="android.permission.SET_WALLPAPER" />
11-->src\main\AndroidManifest.xml:5:5-72
11-->src\main\AndroidManifest.xml:5:22-69
12
13    <uses-feature
13-->src\main\AndroidManifest.xml:7:5-9:35
14        android:name="android.software.live_wallpaper"
14-->src\main\AndroidManifest.xml:8:9-55
15        android:required="true" />
15-->src\main\AndroidManifest.xml:9:9-32
16
17    <application
17-->src\main\AndroidManifest.xml:11:5-47:19
18        android:allowBackup="true"
18-->src\main\AndroidManifest.xml:12:9-35
19        android:appComponentFactory="androidx.core.app.CoreComponentFactory"
19-->[androidx.core:core:1.5.0-alpha01] AndroidManifest.xml:24:18-86
20        android:debuggable="true"
21        android:icon="@mipmap/ic_launcher"
21-->src\main\AndroidManifest.xml:13:9-43
22        android:label="@string/app_name"
22-->src\main\AndroidManifest.xml:14:9-41
23        android:testOnly="true"
24        android:theme="@style/Theme" >
24-->src\main\AndroidManifest.xml:15:9-37
25        <service
25-->src\main\AndroidManifest.xml:17:9-29:19
26            android:name="com.yassin.sfax.tawakkolalaallah.LiveWallpaper"
26-->src\main\AndroidManifest.xml:18:13-42
27            android:icon="@mipmap/ic_launcher"
27-->src\main\AndroidManifest.xml:19:13-47
28            android:label="@string/app_name"
28-->src\main\AndroidManifest.xml:20:13-45
29            android:permission="android.permission.BIND_WALLPAPER" >
29-->src\main\AndroidManifest.xml:21:13-67
30            <intent-filter>
30-->src\main\AndroidManifest.xml:22:13-24:29
31                <action android:name="android.service.wallpaper.WallpaperService" />
31-->src\main\AndroidManifest.xml:23:17-85
31-->src\main\AndroidManifest.xml:23:25-82
32            </intent-filter>
33
34            <meta-data
34-->src\main\AndroidManifest.xml:26:13-28:53
35                android:name="android.service.wallpaper"
35-->src\main\AndroidManifest.xml:27:17-57
36                android:resource="@xml/wallpaper" />
36-->src\main\AndroidManifest.xml:28:17-50
37        </service>
38
39        <activity
39-->src\main\AndroidManifest.xml:31:9-35:48
40            android:name="com.yassin.sfax.tawakkolalaallah.SettingActivity"
40-->src\main\AndroidManifest.xml:32:13-44
41            android:exported="true"
41-->src\main\AndroidManifest.xml:33:13-36
42            android:label="@string/app_name"
42-->src\main\AndroidManifest.xml:35:13-45
43            android:theme="@style/Theme" />
43-->src\main\AndroidManifest.xml:34:13-41
44        <activity
44-->src\main\AndroidManifest.xml:36:9-45:20
45            android:name="com.yassin.sfax.tawakkolalaallah.MainActivity"
45-->src\main\AndroidManifest.xml:37:13-41
46            android:label="@string/app_name"
46-->src\main\AndroidManifest.xml:38:13-45
47            android:screenOrientation="fullSensor" >
47-->src\main\AndroidManifest.xml:39:13-51
48            <intent-filter>
48-->src\main\AndroidManifest.xml:40:13-44:29
49                <action android:name="android.intent.action.MAIN" />
49-->src\main\AndroidManifest.xml:41:17-69
49-->src\main\AndroidManifest.xml:41:25-66
50
51                <category android:name="android.intent.category.LAUNCHER" />
51-->src\main\AndroidManifest.xml:43:17-77
51-->src\main\AndroidManifest.xml:43:27-74
52            </intent-filter>
53        </activity>
54        <activity
54-->[androidx.compose.ui:ui-tooling:1.0.0-alpha08] AndroidManifest.xml:25:9-27:39
55            android:name="androidx.compose.ui.tooling.preview.PreviewActivity"
55-->[androidx.compose.ui:ui-tooling:1.0.0-alpha08] AndroidManifest.xml:26:13-79
56            android:exported="true" />
56-->[androidx.compose.ui:ui-tooling:1.0.0-alpha08] AndroidManifest.xml:27:13-36
57    </application>
58
59</manifest>